<?xml version="1.0" encoding="UTF-8"?>
<!-- Generated by org.testng.reporters.JUnitReportReporter -->
<testsuite hostname="DESKTOP-BV8OKQ2" failures="0" tests="5" name="Demo.TAMSProject.Trail" time="14.149" errors="0" timestamp="2024-09-24T13:50:34 IST" skipped="0">
  <testcase classname="Demo.TAMSProject.Trail" name="weblaunch" time="6.480"/>
  <testcase classname="Demo.TAMSProject.Trail" name="zoomout75" time="0.380"/>
  <testcase classname="Demo.TAMSProject.Trail" name="homepageverification" time="0.647"/>
  <testcase classname="Demo.TAMSProject.Trail" name="loginvalidation" time="6.366"/>
  <testcase classname="Demo.TAMSProject.Trail" name="closure" time="0.276"/>
</testsuite> <!-- Demo.TAMSProject.Trail -->
