<?xml version="1.0" encoding="UTF-8"?>
<!-- Generated by org.testng.reporters.JUnitReportReporter -->
<testsuite hostname="DESKTOP-BV8OKQ2" failures="0" tests="6" name="Demo.TAMSProject.TAMSDairy" time="140.185" errors="0" timestamp="2024-10-16T13:02:20 IST" skipped="0">
  <testcase classname="Demo.TAMSProject.TAMSDairy" name="weblaunch" time="25.832">
    <system-out>
      <![CDATA[Message
Web Launched and Website is loaded the logo image is displayed]]>
    </system-out>
  </testcase> <!-- weblaunch -->
  <testcase classname="Demo.TAMSProject.TAMSDairy" name="zoomout75" time="1.187">
    <system-out>
      <![CDATA[The Browser is zoomed out to 75% for entire website visibility]]>
    </system-out>
  </testcase> <!-- zoomout75 -->
  <testcase classname="Demo.TAMSProject.TAMSDairy" name="login" time="16.023">
    <system-out>
      <![CDATA[Login is succesful and User entered the TAMS Dashobaord]]>
    </system-out>
  </testcase> <!-- login -->
  <testcase classname="Demo.TAMSProject.TAMSDairy" name="TAMSDairyOverview" time="18.869">
    <system-out>
      <![CDATA[TAMSDairyOverview Validation
This Year is :2024
-------------Date is above 10th-So, No correction is required------------------
Date:16
October 16, 2024
The Monthdisplay expected is :October 2024
The Daydisplay expected is :October 16, 2024
The current day of the week is : Wednesday
Month view Validation
---First Tab of the Month view is : Sun Expected isSun
---First Tab of the Month view is : Mon Expected isMon
---First Tab of the Month view is : Tue Expected isTue
---First Tab of the Month view is : Wed Expected isWed
---First Tab of the Month view is : Thu Expected isThu
---First Tab of the Month view is : Fri Expected isFri
---First Tab of the Month view is : Sat Expected isSat
Text in DATE Header is : October 2024 Expected is : October 2024
Text in Table Header is : Wednesday Expected is : Wednesday
Text in DATE Header is : October 16, 2024 Expected is : October 16, 2024
Week view Validation
---First Tab of week view is : Sun 10/13 Verified Partially with :Sun
---First Tab of week view is : Mon 10/14 Verified Partially with :Mon
---First Tab of week view is : Tue 10/15 Verified Partially with :Tue
---First Tab of week view is : Wed 10/16 Verified Partially with :Wed
---First Tab of week view is : Thu 10/17 Verified Partially with :Thu
---First Tab of week view is : Fri 10/18 Verified Partially with :Fri
---First Tab of week view is : Sat 10/19 Verified Partially with :Sat
Text in DATE Header is : Oct 13 – 19, 2024 Is Partially Verified with Year number : 2024
Text in DATE Header is : October 15, 2024 Is not Same as October 16, 2024
Text in Table Header is : Tuesday Expected is : Tuesday
Text in DATE Header is : October 16, 2024 Is Same as October 16, 2024 As it comes back to current day
Text in DATE Header is : October 17, 2024 Is not Same as October 16, 2024
Text in Table Header is : Thursday Expected is : Thursday
Text in Table Header is : September 2024 Expected is : September
Text in DATE Header is : October 2024 Expected is : October 2024 As it Comes back to the current Month
Text in Table Header is : October 2024 Expected is : November]]>
    </system-out>
  </testcase> <!-- TAMSDairyOverview -->
  <testcase classname="Demo.TAMSProject.TAMSDairy" name="TAMSDairyDatepicking" time="23.335">
    <system-out>
      <![CDATA[TAMSDairyOverview Validation
January Is Shortened to :Jan
Given Date is selected and clicked upon :12
The Header of the calender is verified to be : January 12, 2022 Selected date is : January 12, 2022
Selction of given Month and Year is Done : Jan 2022
The Header of the calender is verified to be : January 2022
The Today button is Clicked
The Header of the Calender is verifed with current month --- current month is :October 2024 Header of the calender is :October 2024]]>
    </system-out>
  </testcase> <!-- TAMSDairyDatepicking -->
  <testcase classname="Demo.TAMSProject.TAMSDairy" name="TAMSDairyEventContainers" time="54.939">
    <system-out>
      <![CDATA[TAMSDairy Event Containers Validation
Number of Events in Current month is :57
Clicked on the Event
Event Clicking Reidrected the URL Succesfully to https://tamstest.issi-software.com/docket/edit_docket/22174
Succesfully came back to the current URLhttps://tamstest.issi-software.com/diary
Validating the 3 Term : Its href Contains docket/edit_docket/ 
Validating the 8 Term : Its href Contains docket/edit_docket/ 
Validating the 13 Term : Its href Contains docket/edit_docket/ 
Validating the 18 Term : Its href Contains docket/edit_docket/ 
Validating the 23 Term : Its href Contains docket/edit_docket/ 
Validating the 28 Term : Its href Contains docket/edit_docket/ 
Validating the 33 Term : Its href Contains docket/edit_docket/ 
Validating the 38 Term : Its href Contains docket/edit_docket/ 
Validating the 43 Term : Its href Contains docket/edit_docket/ 
Validating the 48 Term : Its href Contains docket/edit_docket/ 
Validating the 53 Term : Its href Contains docket/edit_docket/ ]]>
    </system-out>
  </testcase> <!-- TAMSDairyEventContainers -->
  <system-out>
    <![CDATA[Message
Web Launched and Website is loaded the logo image is displayed
The Browser is zoomed out to 75% for entire website visibility
Login is succesful and User entered the TAMS Dashobaord
TAMSDairyOverview Validation
This Year is :2024
-------------Date is above 10th-So, No correction is required------------------
Date:16
October 16, 2024
The Monthdisplay expected is :October 2024
The Daydisplay expected is :October 16, 2024
The current day of the week is : Wednesday
Month view Validation
---First Tab of the Month view is : Sun Expected isSun
---First Tab of the Month view is : Mon Expected isMon
---First Tab of the Month view is : Tue Expected isTue
---First Tab of the Month view is : Wed Expected isWed
---First Tab of the Month view is : Thu Expected isThu
---First Tab of the Month view is : Fri Expected isFri
---First Tab of the Month view is : Sat Expected isSat
Text in DATE Header is : October 2024 Expected is : October 2024
Text in Table Header is : Wednesday Expected is : Wednesday
Text in DATE Header is : October 16, 2024 Expected is : October 16, 2024
Week view Validation
---First Tab of week view is : Sun 10/13 Verified Partially with :Sun
---First Tab of week view is : Mon 10/14 Verified Partially with :Mon
---First Tab of week view is : Tue 10/15 Verified Partially with :Tue
---First Tab of week view is : Wed 10/16 Verified Partially with :Wed
---First Tab of week view is : Thu 10/17 Verified Partially with :Thu
---First Tab of week view is : Fri 10/18 Verified Partially with :Fri
---First Tab of week view is : Sat 10/19 Verified Partially with :Sat
Text in DATE Header is : Oct 13 – 19, 2024 Is Partially Verified with Year number : 2024
Text in DATE Header is : October 15, 2024 Is not Same as October 16, 2024
Text in Table Header is : Tuesday Expected is : Tuesday
Text in DATE Header is : October 16, 2024 Is Same as October 16, 2024 As it comes back to current day
Text in DATE Header is : October 17, 2024 Is not Same as October 16, 2024
Text in Table Header is : Thursday Expected is : Thursday
Text in Table Header is : September 2024 Expected is : September
Text in DATE Header is : October 2024 Expected is : October 2024 As it Comes back to the current Month
Text in Table Header is : October 2024 Expected is : November
TAMSDairyOverview Validation
January Is Shortened to :Jan
Given Date is selected and clicked upon :12
The Header of the calender is verified to be : January 12, 2022 Selected date is : January 12, 2022
Selction of given Month and Year is Done : Jan 2022
The Header of the calender is verified to be : January 2022
The Today button is Clicked
The Header of the Calender is verifed with current month --- current month is :October 2024 Header of the calender is :October 2024
TAMSDairy Event Containers Validation
Number of Events in Current month is :57
Clicked on the Event
Event Clicking Reidrected the URL Succesfully to https://tamstest.issi-software.com/docket/edit_docket/22174
Succesfully came back to the current URLhttps://tamstest.issi-software.com/diary
Validating the 3 Term : Its href Contains docket/edit_docket/ 
Validating the 8 Term : Its href Contains docket/edit_docket/ 
Validating the 13 Term : Its href Contains docket/edit_docket/ 
Validating the 18 Term : Its href Contains docket/edit_docket/ 
Validating the 23 Term : Its href Contains docket/edit_docket/ 
Validating the 28 Term : Its href Contains docket/edit_docket/ 
Validating the 33 Term : Its href Contains docket/edit_docket/ 
Validating the 38 Term : Its href Contains docket/edit_docket/ 
Validating the 43 Term : Its href Contains docket/edit_docket/ 
Validating the 48 Term : Its href Contains docket/edit_docket/ 
Validating the 53 Term : Its href Contains docket/edit_docket/ ]]>
  </system-out>
</testsuite> <!-- Demo.TAMSProject.TAMSDairy -->
