<?xml version="1.0" encoding="UTF-8"?>
<!-- Generated by org.testng.reporters.JUnitReportReporter -->
<testsuite hostname="DESKTOP-BV8OKQ2" failures="0" tests="6" name="Demo.TAMSProject.TAMSDashboard" time="158.682" errors="0" timestamp="2024-10-07T23:54:10 IST" skipped="0">
  <testcase classname="Demo.TAMSProject.TAMSDashboard" name="weblaunch" time="10.973">
    <system-out>
      <![CDATA[Message
Web Launched and Website is loaded the logo image is displayed]]>
    </system-out>
  </testcase> <!-- weblaunch -->
  <testcase classname="Demo.TAMSProject.TAMSDashboard" name="zoomout75" time="3.097">
    <system-out>
      <![CDATA[The Browser is zoomed out to 75% for entire website visibility]]>
    </system-out>
  </testcase> <!-- zoomout75 -->
  <testcase classname="Demo.TAMSProject.TAMSDashboard" name="login" time="6.225">
    <system-out>
      <![CDATA[Login is succesful and User entered the TAMS Dashobaord]]>
    </system-out>
  </testcase> <!-- login -->
  <testcase classname="Demo.TAMSProject.TAMSDashboard" name="dashboardvalidation" time="1.343">
    <system-out>
      <![CDATA[Message
Card Block 1 is verified with :Dockets
Card Block 2 is verified with :Contacts
Card Block 3 is verified with :Passengers
Card Block 4 is verified with :Cost Price
Card Block 5 is verified with :Sale Price
Card Block 6 is verified with :Commission
Card Block 7 is verified with :Payments Done
Card Block 8 is verified with :Pending Payments
Dash Board Legend Text is verified with :Refine By
Select Bar presence following Agent text is verified
Select Bar presence following Airlines text is verified
Presence of Date Range text is verified
Presence of Input following the Date Range text is verified
The Base Structure is verified]]>
    </system-out>
  </testcase> <!-- dashboardvalidation -->
  <testcase classname="Demo.TAMSProject.TAMSDashboard" name="Agent_Airline_Daterange_SelectionsValidation" time="20.966">
    <system-out>
      <![CDATA[Message
Agent selected is :Super  Administrator space check
The Default Dockets are21,205Dockets count after the selections is 0
The Default Dockets are21,205Dockets count after the reset is 21,205]]>
    </system-out>
  </testcase> <!-- Agent_Airline_Daterange_SelectionsValidation -->
  <testcase classname="Demo.TAMSProject.TAMSDashboard" name="cardblockswithSelectionsValidation" time="116.078">
    <system-out>
      <![CDATA[Message
Card Blocks verification started
Agent selected is :Super  Administrator space check
Expected : Docket Actual : Docket
--  Dockets Table Header1 is : PNR # Expected is : PNR #
--  Dockets Table Header1 is : Contact Name Expected is : Contact Name
--  Dockets TablesearchPlaceHolder is : Contact Name Expected is : Contact Name
--  Dockets Table Header1 is : Created On Expected is : Created On
--  Dockets Table Header1 is : Airline Expected is : Airline
--  Dockets Table Header1 is : Agent Expected is : Agent
--  Dockets Table Header1 is : Sales Price ($) Expected is : Sales Price ($)
--  Dockets Table Header1 is : Cost Price ($) Expected is : Cost Price ($)
--  Dockets Table Header1 is : Commision Price($) Expected is : Commision Price($)
--  Dockets Table Header1 is : Payment Status Expected is : Payment Status
------  Next button is not enabled by default showing Last page results
------  Navigation Next is Verified
------  Previous button is not enabled by default showing 1st page results
------  Navigation Previous is Verified
Expected : Contacts Actual : Contacts
--  Contacts Table Header1 is : PNR Expected is : PNR
--  Contacts Table Header1 is : Contact Name Expected is : Contact Name
--  Contacts Table Header1 is : Email Expected is : Email
--  Contacts Table Header1 is : Mobile Expected is : Mobile
--  Contacts Table Header1 is : State Expected is : State
--  Contacts Table Header1 is : Country Expected is : Country
------  Next button is not enabled by default showing Last page results
------  Navigation Next is Verified
------  Previous button is not enabled by default showing 1st page results
------  Navigation Previous is Verified
Expected : Passengers Actual : Passengers
--  Passenger Table Header1 is : PNR Expected is : PNR
--  Passengers Table Header1 is : Passenger Name Expected is : Passenger Name
--  Passengers Table Header1 is : Date of Birth Expected is : Date of Birth
--  Passengers Table Header1 is : Email Expected is : Email
--  Passengers Table Header1 is : Mobile Expected is : Mobile
------  Next button is not enabled by default showing Last page results
------  Navigation Next is Verified
------  Previous button is not enabled by default showing 1st page results
------  Navigation Previous is Verified
Expected : Docket Actual : Docket
--  Dockets Table Header1 is : PNR # Expected is : PNR #
--  Dockets Table Header1 is : Contact Name Expected is : Contact Name
--  Dockets TablesearchPlaceHolder is : Contact Name Expected is : Contact Name
--  Dockets Table Header1 is : Created On Expected is : Created On
--  Dockets Table Header1 is : Airline Expected is : Airline
--  Dockets Table Header1 is : Agent Expected is : Agent
--  Dockets Table Header1 is : Sales Price ($) Expected is : Sales Price ($)
--  Dockets Table Header1 is : Cost Price ($) Expected is : Cost Price ($)
--  Dockets Table Header1 is : Commision Price($) Expected is : Commision Price($)
--  Dockets Table Header1 is : Payment Status Expected is : Payment Status
------  Next button is not enabled by default showing Last page results
------  Navigation Next is Verified
------  Previous button is not enabled by default showing 1st page results
------  Navigation Previous is Verified
Expected : Docket Actual : Docket
--  Dockets Table Header1 is : PNR # Expected is : PNR #
--  Dockets Table Header1 is : Contact Name Expected is : Contact Name
--  Dockets TablesearchPlaceHolder is : Contact Name Expected is : Contact Name
--  Dockets Table Header1 is : Created On Expected is : Created On
--  Dockets Table Header1 is : Airline Expected is : Airline
--  Dockets Table Header1 is : Agent Expected is : Agent
--  Dockets Table Header1 is : Sales Price ($) Expected is : Sales Price ($)
--  Dockets Table Header1 is : Cost Price ($) Expected is : Cost Price ($)
--  Dockets Table Header1 is : Commision Price($) Expected is : Commision Price($)
--  Dockets Table Header1 is : Payment Status Expected is : Payment Status
------  Next button is not enabled by default showing Last page results
------  Navigation Next is Verified
------  Previous button is not enabled by default showing 1st page results
------  Navigation Previous is Verified
Expected : Docket Actual : Docket
--  Dockets Table Header1 is : PNR # Expected is : PNR #
--  Dockets Table Header1 is : Contact Name Expected is : Contact Name
--  Dockets TablesearchPlaceHolder is : Contact Name Expected is : Contact Name
--  Dockets Table Header1 is : Created On Expected is : Created On
--  Dockets Table Header1 is : Airline Expected is : Airline
--  Dockets Table Header1 is : Agent Expected is : Agent
--  Dockets Table Header1 is : Sales Price ($) Expected is : Sales Price ($)
--  Dockets Table Header1 is : Cost Price ($) Expected is : Cost Price ($)
--  Dockets Table Header1 is : Commision Price($) Expected is : Commision Price($)
--  Dockets Table Header1 is : Payment Status Expected is : Payment Status
------  Next button is not enabled by default showing Last page results
------  Navigation Next is Verified
------  Previous button is not enabled by default showing 1st page results
------  Navigation Previous is Verified
Expected : Payments Done Actual : Payments Done
--  Payment Table Header1 is : PNR Expected is : PNR
--  Payment Table Header1 is : Contact Name Expected is : Contact Name
--  Payment Table Header1 is : Payment Method Expected is : Payment Method
--  Payment Table Header1 is : Payment Status Expected is : Payment Status
--  Payment Table Header1 is : Pay Amount Expected is : Pay Amount
------  Next button is not enabled by default showing Last page results
------  Navigation Next is Verified
------  Previous button is not enabled by default showing 1st page results
------  Navigation Previous is Verified
Expected : Pending Payments Actual : Pending Payments
--  Payment Table Header1 is : PNR Expected is : PNR
--  Payment Table Header1 is : Contact Name Expected is : Contact Name
--  Payment Table Header1 is : Payment Method Expected is : Payment Method
--  Payment Table Header1 is : Payment Status Expected is : Payment Status
--  Payment Table Header1 is : Pay Amount Expected is : Pay Amount
------  Next button is not enabled by default showing Last page results
------  Navigation Next is Verified
------  Previous button is not enabled by default showing 1st page results
------  Navigation Previous is Verified]]>
    </system-out>
  </testcase> <!-- cardblockswithSelectionsValidation -->
  <system-out>
    <![CDATA[Message
Web Launched and Website is loaded the logo image is displayed
The Browser is zoomed out to 75% for entire website visibility
Login is succesful and User entered the TAMS Dashobaord
Message
Card Block 1 is verified with :Dockets
Card Block 2 is verified with :Contacts
Card Block 3 is verified with :Passengers
Card Block 4 is verified with :Cost Price
Card Block 5 is verified with :Sale Price
Card Block 6 is verified with :Commission
Card Block 7 is verified with :Payments Done
Card Block 8 is verified with :Pending Payments
Dash Board Legend Text is verified with :Refine By
Select Bar presence following Agent text is verified
Select Bar presence following Airlines text is verified
Presence of Date Range text is verified
Presence of Input following the Date Range text is verified
The Base Structure is verified
Message
Agent selected is :Super  Administrator space check
The Default Dockets are21,205Dockets count after the selections is 0
The Default Dockets are21,205Dockets count after the reset is 21,205
Message
Card Blocks verification started
Agent selected is :Super  Administrator space check
Expected : Docket Actual : Docket
--  Dockets Table Header1 is : PNR # Expected is : PNR #
--  Dockets Table Header1 is : Contact Name Expected is : Contact Name
--  Dockets TablesearchPlaceHolder is : Contact Name Expected is : Contact Name
--  Dockets Table Header1 is : Created On Expected is : Created On
--  Dockets Table Header1 is : Airline Expected is : Airline
--  Dockets Table Header1 is : Agent Expected is : Agent
--  Dockets Table Header1 is : Sales Price ($) Expected is : Sales Price ($)
--  Dockets Table Header1 is : Cost Price ($) Expected is : Cost Price ($)
--  Dockets Table Header1 is : Commision Price($) Expected is : Commision Price($)
--  Dockets Table Header1 is : Payment Status Expected is : Payment Status
------  Next button is not enabled by default showing Last page results
------  Navigation Next is Verified
------  Previous button is not enabled by default showing 1st page results
------  Navigation Previous is Verified
Expected : Contacts Actual : Contacts
--  Contacts Table Header1 is : PNR Expected is : PNR
--  Contacts Table Header1 is : Contact Name Expected is : Contact Name
--  Contacts Table Header1 is : Email Expected is : Email
--  Contacts Table Header1 is : Mobile Expected is : Mobile
--  Contacts Table Header1 is : State Expected is : State
--  Contacts Table Header1 is : Country Expected is : Country
------  Next button is not enabled by default showing Last page results
------  Navigation Next is Verified
------  Previous button is not enabled by default showing 1st page results
------  Navigation Previous is Verified
Expected : Passengers Actual : Passengers
--  Passenger Table Header1 is : PNR Expected is : PNR
--  Passengers Table Header1 is : Passenger Name Expected is : Passenger Name
--  Passengers Table Header1 is : Date of Birth Expected is : Date of Birth
--  Passengers Table Header1 is : Email Expected is : Email
--  Passengers Table Header1 is : Mobile Expected is : Mobile
------  Next button is not enabled by default showing Last page results
------  Navigation Next is Verified
------  Previous button is not enabled by default showing 1st page results
------  Navigation Previous is Verified
Expected : Docket Actual : Docket
--  Dockets Table Header1 is : PNR # Expected is : PNR #
--  Dockets Table Header1 is : Contact Name Expected is : Contact Name
--  Dockets TablesearchPlaceHolder is : Contact Name Expected is : Contact Name
--  Dockets Table Header1 is : Created On Expected is : Created On
--  Dockets Table Header1 is : Airline Expected is : Airline
--  Dockets Table Header1 is : Agent Expected is : Agent
--  Dockets Table Header1 is : Sales Price ($) Expected is : Sales Price ($)
--  Dockets Table Header1 is : Cost Price ($) Expected is : Cost Price ($)
--  Dockets Table Header1 is : Commision Price($) Expected is : Commision Price($)
--  Dockets Table Header1 is : Payment Status Expected is : Payment Status
------  Next button is not enabled by default showing Last page results
------  Navigation Next is Verified
------  Previous button is not enabled by default showing 1st page results
------  Navigation Previous is Verified
Expected : Docket Actual : Docket
--  Dockets Table Header1 is : PNR # Expected is : PNR #
--  Dockets Table Header1 is : Contact Name Expected is : Contact Name
--  Dockets TablesearchPlaceHolder is : Contact Name Expected is : Contact Name
--  Dockets Table Header1 is : Created On Expected is : Created On
--  Dockets Table Header1 is : Airline Expected is : Airline
--  Dockets Table Header1 is : Agent Expected is : Agent
--  Dockets Table Header1 is : Sales Price ($) Expected is : Sales Price ($)
--  Dockets Table Header1 is : Cost Price ($) Expected is : Cost Price ($)
--  Dockets Table Header1 is : Commision Price($) Expected is : Commision Price($)
--  Dockets Table Header1 is : Payment Status Expected is : Payment Status
------  Next button is not enabled by default showing Last page results
------  Navigation Next is Verified
------  Previous button is not enabled by default showing 1st page results
------  Navigation Previous is Verified
Expected : Docket Actual : Docket
--  Dockets Table Header1 is : PNR # Expected is : PNR #
--  Dockets Table Header1 is : Contact Name Expected is : Contact Name
--  Dockets TablesearchPlaceHolder is : Contact Name Expected is : Contact Name
--  Dockets Table Header1 is : Created On Expected is : Created On
--  Dockets Table Header1 is : Airline Expected is : Airline
--  Dockets Table Header1 is : Agent Expected is : Agent
--  Dockets Table Header1 is : Sales Price ($) Expected is : Sales Price ($)
--  Dockets Table Header1 is : Cost Price ($) Expected is : Cost Price ($)
--  Dockets Table Header1 is : Commision Price($) Expected is : Commision Price($)
--  Dockets Table Header1 is : Payment Status Expected is : Payment Status
------  Next button is not enabled by default showing Last page results
------  Navigation Next is Verified
------  Previous button is not enabled by default showing 1st page results
------  Navigation Previous is Verified
Expected : Payments Done Actual : Payments Done
--  Payment Table Header1 is : PNR Expected is : PNR
--  Payment Table Header1 is : Contact Name Expected is : Contact Name
--  Payment Table Header1 is : Payment Method Expected is : Payment Method
--  Payment Table Header1 is : Payment Status Expected is : Payment Status
--  Payment Table Header1 is : Pay Amount Expected is : Pay Amount
------  Next button is not enabled by default showing Last page results
------  Navigation Next is Verified
------  Previous button is not enabled by default showing 1st page results
------  Navigation Previous is Verified
Expected : Pending Payments Actual : Pending Payments
--  Payment Table Header1 is : PNR Expected is : PNR
--  Payment Table Header1 is : Contact Name Expected is : Contact Name
--  Payment Table Header1 is : Payment Method Expected is : Payment Method
--  Payment Table Header1 is : Payment Status Expected is : Payment Status
--  Payment Table Header1 is : Pay Amount Expected is : Pay Amount
------  Next button is not enabled by default showing Last page results
------  Navigation Next is Verified
------  Previous button is not enabled by default showing 1st page results
------  Navigation Previous is Verified]]>
  </system-out>
</testsuite> <!-- Demo.TAMSProject.TAMSDashboard -->
