<?xml version="1.0" encoding="UTF-8"?>
<!-- Generated by org.testng.reporters.JUnitReportReporter -->
<testsuite hostname="DESKTOP-BV8OKQ2" failures="0" tests="6" name="Demo.TAMSProject.TAMSDashboard" time="129.271" errors="1" timestamp="2024-09-27T16:30:20 IST" skipped="0">
  <testcase classname="Demo.TAMSProject.TAMSDashboard" name="weblaunch" time="13.865">
    <system-out>
      <![CDATA[Message
Web Launched and Website is loaded the logo image is displayed]]>
    </system-out>
  </testcase> <!-- weblaunch -->
  <testcase classname="Demo.TAMSProject.TAMSDashboard" name="zoomout75" time="0.470">
    <system-out>
      <![CDATA[The Browser is zoomed out to 75% for entire website visibility]]>
    </system-out>
  </testcase> <!-- zoomout75 -->
  <testcase classname="Demo.TAMSProject.TAMSDashboard" name="login" time="10.377">
    <system-out>
      <![CDATA[Login is succesful and User entered the TAMS Dashobaord]]>
    </system-out>
  </testcase> <!-- login -->
  <testcase classname="Demo.TAMSProject.TAMSDashboard" name="dashboardvalidation" time="1.183">
    <system-out>
      <![CDATA[Message
Card Block 1 is verified with :Dockets
Card Block 2 is verified with :Contacts
Card Block 3 is verified with :Passengers
Card Block 4 is verified with :Cost Price
Card Block 5 is verified with :Sale Price
Card Block 6 is verified with :Commission
Card Block 7 is verified with :Payments Done
Card Block 8 is verified with :Pending Payments
Dash Board Legend Text is verified with :Refine By
Select Bar presence following Agent text is verified
Select Bar presence following Airlines text is verified
Presence of Date Range text is verified
Presence of Input following the Date Range text is verified
The Base Structure is verified]]>
    </system-out>
  </testcase> <!-- dashboardvalidation -->
  <testcase classname="Demo.TAMSProject.TAMSDashboard" name="Agent_Airline_Daterange_SelectionsValidation" time="18.490">
    <system-out>
      <![CDATA[Message
Agent selected is :Super  Administrator space check
The Default Dockets are21,180Dockets count after the selections is 0
The Default Dockets are21,180Dockets count after the reset is 21,180]]>
    </system-out>
  </testcase> <!-- Agent_Airline_Daterange_SelectionsValidation -->
  <testcase classname="Demo.TAMSProject.TAMSDashboard" name="cardblockswithSelectionsValidation" time="84.886">
    <error message="stale element reference: stale element not found in the current frame
  (Session info: chrome=129.0.6668.60)
For documentation on this error, please visit: https://www.selenium.dev/documentation/webdriver/troubleshooting/errors#stale-element-reference-exception
Build info: version: &#039;4.25.0&#039;, revision: &#039;8a8aea2337&#039;
System info: os.name: &#039;Windows 11&#039;, os.arch: &#039;amd64&#039;, os.version: &#039;10.0&#039;, java.version: &#039;17.0.7&#039;
Driver info: org.openqa.selenium.chrome.ChromeDriver
Command: [aa9fa60aec1787ee650e0e084ed3d6a6, clickElement {id=f.E065DC7D16412B4670C1EDCA6F63288A.d.8F1C36D1CA8E827ADE5765C0EAB31E5C.e.1027}]
Capabilities {acceptInsecureCerts: false, browserName: chrome, browserVersion: 129.0.6668.60, chrome: {chromedriverVersion: 129.0.6668.70 (df87d5cf12b1..., userDataDir: C:\Users\leela\AppData\Loca...}, fedcm:accounts: true, goog:chromeOptions: {debuggerAddress: localhost:63744}, networkConnectionEnabled: false, pageLoadStrategy: normal, platformName: windows, proxy: Proxy(), se:cdp: ws://localhost:63744/devtoo..., se:cdpVersion: 129.0.6668.60, setWindowRect: true, strictFileInteractability: false, timeouts: {implicit: 0, pageLoad: 300000, script: 30000}, unhandledPromptBehavior: dismiss and notify, webauthn:extension:credBlob: true, webauthn:extension:largeBlob: true, webauthn:extension:minPinLength: true, webauthn:extension:prf: true, webauthn:virtualAuthenticators: true}
Element: [[ChromeDriver: chrome on windows (aa9fa60aec1787ee650e0e084ed3d6a6)] -&gt; xpath: //a[@data-dt-idx]]
Session ID: aa9fa60aec1787ee650e0e084ed3d6a6" type="org.openqa.selenium.StaleElementReferenceException">
      <![CDATA[org.openqa.selenium.StaleElementReferenceException: stale element reference: stale element not found in the current frame
  (Session info: chrome=129.0.6668.60)
For documentation on this error, please visit: https://www.selenium.dev/documentation/webdriver/troubleshooting/errors#stale-element-reference-exception
Build info: version: '4.25.0', revision: '8a8aea2337'
System info: os.name: 'Windows 11', os.arch: 'amd64', os.version: '10.0', java.version: '17.0.7'
Driver info: org.openqa.selenium.chrome.ChromeDriver
Command: [aa9fa60aec1787ee650e0e084ed3d6a6, clickElement {id=f.E065DC7D16412B4670C1EDCA6F63288A.d.8F1C36D1CA8E827ADE5765C0EAB31E5C.e.1027}]
Capabilities {acceptInsecureCerts: false, browserName: chrome, browserVersion: 129.0.6668.60, chrome: {chromedriverVersion: 129.0.6668.70 (df87d5cf12b1..., userDataDir: C:\Users\leela\AppData\Loca...}, fedcm:accounts: true, goog:chromeOptions: {debuggerAddress: localhost:63744}, networkConnectionEnabled: false, pageLoadStrategy: normal, platformName: windows, proxy: Proxy(), se:cdp: ws://localhost:63744/devtoo..., se:cdpVersion: 129.0.6668.60, setWindowRect: true, strictFileInteractability: false, timeouts: {implicit: 0, pageLoad: 300000, script: 30000}, unhandledPromptBehavior: dismiss and notify, webauthn:extension:credBlob: true, webauthn:extension:largeBlob: true, webauthn:extension:minPinLength: true, webauthn:extension:prf: true, webauthn:virtualAuthenticators: true}
Element: [[ChromeDriver: chrome on windows (aa9fa60aec1787ee650e0e084ed3d6a6)] -> xpath: //a[@data-dt-idx]]
Session ID: aa9fa60aec1787ee650e0e084ed3d6a6
at java.base/jdk.internal.reflect.NativeConstructorAccessorImpl.newInstance0(Native Method)
at java.base/jdk.internal.reflect.NativeConstructorAccessorImpl.newInstance(NativeConstructorAccessorImpl.java:77)
at java.base/jdk.internal.reflect.DelegatingConstructorAccessorImpl.newInstance(DelegatingConstructorAccessorImpl.java:45)
at java.base/java.lang.reflect.Constructor.newInstanceWithCaller(Constructor.java:499)
at java.base/java.lang.reflect.Constructor.newInstance(Constructor.java:480)
at org.openqa.selenium.remote.ErrorCodec.decode(ErrorCodec.java:167)
at org.openqa.selenium.remote.codec.w3c.W3CHttpResponseCodec.decode(W3CHttpResponseCodec.java:138)
at org.openqa.selenium.remote.codec.w3c.W3CHttpResponseCodec.decode(W3CHttpResponseCodec.java:50)
at org.openqa.selenium.remote.HttpCommandExecutor.execute(HttpCommandExecutor.java:190)
at org.openqa.selenium.remote.service.DriverCommandExecutor.invokeExecute(DriverCommandExecutor.java:216)
at org.openqa.selenium.remote.service.DriverCommandExecutor.execute(DriverCommandExecutor.java:174)
at org.openqa.selenium.remote.RemoteWebDriver.execute(RemoteWebDriver.java:545)
at org.openqa.selenium.remote.RemoteWebElement.execute(RemoteWebElement.java:223)
at org.openqa.selenium.remote.RemoteWebElement.click(RemoteWebElement.java:76)
at Demo.TAMSProject.TAMSDashboard.pagenavigatebuttons(TAMSDashboard.java:404)
at Demo.TAMSProject.TAMSDashboard.Dockettableverification(TAMSDashboard.java:318)
at Demo.TAMSProject.TAMSDashboard.cardblockswithSelectionsValidation(TAMSDashboard.java:271)
at java.base/jdk.internal.reflect.NativeMethodAccessorImpl.invoke0(Native Method)
at java.base/jdk.internal.reflect.NativeMethodAccessorImpl.invoke(NativeMethodAccessorImpl.java:77)
at java.base/jdk.internal.reflect.DelegatingMethodAccessorImpl.invoke(DelegatingMethodAccessorImpl.java:43)
at java.base/java.lang.reflect.Method.invoke(Method.java:568)
at org.testng.internal.invokers.MethodInvocationHelper.invokeMethod(MethodInvocationHelper.java:141)
at org.testng.internal.invokers.TestInvoker.invokeMethod(TestInvoker.java:686)
at org.testng.internal.invokers.TestInvoker.invokeTestMethod(TestInvoker.java:230)
at org.testng.internal.invokers.MethodRunner.runInSequence(MethodRunner.java:63)
at org.testng.internal.invokers.TestInvoker$MethodInvocationAgent.invoke(TestInvoker.java:992)
at org.testng.internal.invokers.TestInvoker.invokeTestMethods(TestInvoker.java:203)
at org.testng.internal.invokers.TestMethodWorker.invokeTestMethods(TestMethodWorker.java:154)
at org.testng.internal.invokers.TestMethodWorker.run(TestMethodWorker.java:134)
at java.base/java.util.ArrayList.forEach(ArrayList.java:1511)
at org.testng.TestRunner.privateRun(TestRunner.java:739)
at org.testng.TestRunner.run(TestRunner.java:614)
at org.testng.SuiteRunner.runTest(SuiteRunner.java:421)
at org.testng.SuiteRunner.runSequentially(SuiteRunner.java:413)
at org.testng.SuiteRunner.privateRun(SuiteRunner.java:373)
at org.testng.SuiteRunner.run(SuiteRunner.java:312)
at org.testng.SuiteRunnerWorker.runSuite(SuiteRunnerWorker.java:52)
at org.testng.SuiteRunnerWorker.run(SuiteRunnerWorker.java:95)
at org.testng.TestNG.runSuitesSequentially(TestNG.java:1274)
at org.testng.TestNG.runSuitesLocally(TestNG.java:1208)
at org.testng.TestNG.runSuites(TestNG.java:1112)
at org.testng.TestNG.run(TestNG.java:1079)
at org.testng.remote.AbstractRemoteTestNG.run(AbstractRemoteTestNG.java:115)
at org.testng.remote.RemoteTestNG.initAndRun(RemoteTestNG.java:293)
at org.testng.remote.RemoteTestNG.main(RemoteTestNG.java:91)
]]>
    </error>
    <system-out>
      <![CDATA[Message
Card Blocks verification started
Agent selected is :Super  Administrator space check
Expected : Docket Actual : Docket
--  Dockets Table Header1 is : PNR # Expected is : PNR #
--  Dockets Table Header1 is : Contact Name Expected is : Contact Name
--  Dockets TablesearchPlaceHolder is : Contact Name Expected is : Contact Name
--  Dockets Table Header1 is : Airline Expected is : Airline
--  Dockets Table Header1 is : Agent Expected is : Agent
--  Dockets Table Header1 is : Sales Price ($) Expected is : Sales Price ($)
--  Dockets Table Header1 is : Cost Price ($) Expected is : Cost Price ($)
--  Dockets Table Header1 is : Commision Price($) Expected is : Commision Price($)
--  Dockets Table Header1 is : Payment Status Expected is : Payment Status
------  Next button is not enabled by default showing Last page results
------  Navigation Next is Verified
------  Previous button is not enabled by default showing 1st page results
------  Navigation Previous is Verified
Expected : Contacts Actual : Contacts
--  Contacts Table Header1 is : PNR Expected is : PNR
--  Contacts Table Header1 is : Contact Name Expected is : Contact Name
--  Contacts Table Header1 is : Email Expected is : Email
--  Contacts Table Header1 is : Mobile Expected is : Mobile
--  Contacts Table Header1 is : State Expected is : State
--  Contacts Table Header1 is : Country Expected is : Country
------  Next button is not enabled by default showing Last page results
------  Navigation Next is Verified
------  Previous button is not enabled by default showing 1st page results
------  Navigation Previous is Verified
Expected : Passengers Actual : Passengers
--  Passenger Table Header1 is : PNR Expected is : PNR
--  Passengers Table Header1 is : Passenger Name Expected is : Passenger Name
--  Passengers Table Header1 is : Date of Birth Expected is : Date of Birth
--  Passengers Table Header1 is : Email Expected is : Email
--  Passengers Table Header1 is : Mobile Expected is : Mobile
------  Next button is not enabled by default showing Last page results
------  Navigation Next is Verified
------  Previous button is not enabled by default showing 1st page results
------  Navigation Previous is Verified
Expected : Docket Actual : Docket
--  Dockets Table Header1 is : PNR # Expected is : PNR #
--  Dockets Table Header1 is : Contact Name Expected is : Contact Name
--  Dockets TablesearchPlaceHolder is : Contact Name Expected is : Contact Name
--  Dockets Table Header1 is : Airline Expected is : Airline
--  Dockets Table Header1 is : Agent Expected is : Agent
--  Dockets Table Header1 is : Sales Price ($) Expected is : Sales Price ($)
--  Dockets Table Header1 is : Cost Price ($) Expected is : Cost Price ($)
--  Dockets Table Header1 is : Commision Price($) Expected is : Commision Price($)
--  Dockets Table Header1 is : Payment Status Expected is : Payment Status
------  Next button is not enabled by default showing Last page results
------  Navigation Next is Verified
------  Previous button is not enabled by default showing 1st page results
------  Navigation Previous is Verified
Expected : Docket Actual : Docket
--  Dockets Table Header1 is : PNR # Expected is : PNR #
--  Dockets Table Header1 is : Contact Name Expected is : Contact Name
--  Dockets TablesearchPlaceHolder is : Contact Name Expected is : Contact Name
--  Dockets Table Header1 is : Airline Expected is : Airline
--  Dockets Table Header1 is : Agent Expected is : Agent
--  Dockets Table Header1 is : Sales Price ($) Expected is : Sales Price ($)
--  Dockets Table Header1 is : Cost Price ($) Expected is : Cost Price ($)
--  Dockets Table Header1 is : Commision Price($) Expected is : Commision Price($)
--  Dockets Table Header1 is : Payment Status Expected is : Payment Status
------  Next button is not enabled by default showing Last page results
------  Navigation Next is Verified
------  Previous button is not enabled by default showing 1st page results
------  Navigation Previous is Verified
Expected : Docket Actual : Docket
--  Dockets Table Header1 is : PNR # Expected is : PNR #
--  Dockets Table Header1 is : Contact Name Expected is : Contact Name
--  Dockets TablesearchPlaceHolder is : Contact Name Expected is : Contact Name
--  Dockets Table Header1 is : Airline Expected is : Airline
--  Dockets Table Header1 is : Agent Expected is : Agent
--  Dockets Table Header1 is : Sales Price ($) Expected is : Sales Price ($)
--  Dockets Table Header1 is : Cost Price ($) Expected is : Cost Price ($)
--  Dockets Table Header1 is : Commision Price($) Expected is : Commision Price($)
--  Dockets Table Header1 is : Payment Status Expected is : Payment Status
------  Next button is not enabled by default showing Last page results
------  Navigation Next is Verified]]>
    </system-out>
  </testcase> <!-- cardblockswithSelectionsValidation -->
  <system-out>
    <![CDATA[Message
Web Launched and Website is loaded the logo image is displayed
The Browser is zoomed out to 75% for entire website visibility
Login is succesful and User entered the TAMS Dashobaord
Message
Card Block 1 is verified with :Dockets
Card Block 2 is verified with :Contacts
Card Block 3 is verified with :Passengers
Card Block 4 is verified with :Cost Price
Card Block 5 is verified with :Sale Price
Card Block 6 is verified with :Commission
Card Block 7 is verified with :Payments Done
Card Block 8 is verified with :Pending Payments
Dash Board Legend Text is verified with :Refine By
Select Bar presence following Agent text is verified
Select Bar presence following Airlines text is verified
Presence of Date Range text is verified
Presence of Input following the Date Range text is verified
The Base Structure is verified
Message
Agent selected is :Super  Administrator space check
The Default Dockets are21,180Dockets count after the selections is 0
The Default Dockets are21,180Dockets count after the reset is 21,180
Message
Card Blocks verification started
Agent selected is :Super  Administrator space check
Expected : Docket Actual : Docket
--  Dockets Table Header1 is : PNR # Expected is : PNR #
--  Dockets Table Header1 is : Contact Name Expected is : Contact Name
--  Dockets TablesearchPlaceHolder is : Contact Name Expected is : Contact Name
--  Dockets Table Header1 is : Airline Expected is : Airline
--  Dockets Table Header1 is : Agent Expected is : Agent
--  Dockets Table Header1 is : Sales Price ($) Expected is : Sales Price ($)
--  Dockets Table Header1 is : Cost Price ($) Expected is : Cost Price ($)
--  Dockets Table Header1 is : Commision Price($) Expected is : Commision Price($)
--  Dockets Table Header1 is : Payment Status Expected is : Payment Status
------  Next button is not enabled by default showing Last page results
------  Navigation Next is Verified
------  Previous button is not enabled by default showing 1st page results
------  Navigation Previous is Verified
Expected : Contacts Actual : Contacts
--  Contacts Table Header1 is : PNR Expected is : PNR
--  Contacts Table Header1 is : Contact Name Expected is : Contact Name
--  Contacts Table Header1 is : Email Expected is : Email
--  Contacts Table Header1 is : Mobile Expected is : Mobile
--  Contacts Table Header1 is : State Expected is : State
--  Contacts Table Header1 is : Country Expected is : Country
------  Next button is not enabled by default showing Last page results
------  Navigation Next is Verified
------  Previous button is not enabled by default showing 1st page results
------  Navigation Previous is Verified
Expected : Passengers Actual : Passengers
--  Passenger Table Header1 is : PNR Expected is : PNR
--  Passengers Table Header1 is : Passenger Name Expected is : Passenger Name
--  Passengers Table Header1 is : Date of Birth Expected is : Date of Birth
--  Passengers Table Header1 is : Email Expected is : Email
--  Passengers Table Header1 is : Mobile Expected is : Mobile
------  Next button is not enabled by default showing Last page results
------  Navigation Next is Verified
------  Previous button is not enabled by default showing 1st page results
------  Navigation Previous is Verified
Expected : Docket Actual : Docket
--  Dockets Table Header1 is : PNR # Expected is : PNR #
--  Dockets Table Header1 is : Contact Name Expected is : Contact Name
--  Dockets TablesearchPlaceHolder is : Contact Name Expected is : Contact Name
--  Dockets Table Header1 is : Airline Expected is : Airline
--  Dockets Table Header1 is : Agent Expected is : Agent
--  Dockets Table Header1 is : Sales Price ($) Expected is : Sales Price ($)
--  Dockets Table Header1 is : Cost Price ($) Expected is : Cost Price ($)
--  Dockets Table Header1 is : Commision Price($) Expected is : Commision Price($)
--  Dockets Table Header1 is : Payment Status Expected is : Payment Status
------  Next button is not enabled by default showing Last page results
------  Navigation Next is Verified
------  Previous button is not enabled by default showing 1st page results
------  Navigation Previous is Verified
Expected : Docket Actual : Docket
--  Dockets Table Header1 is : PNR # Expected is : PNR #
--  Dockets Table Header1 is : Contact Name Expected is : Contact Name
--  Dockets TablesearchPlaceHolder is : Contact Name Expected is : Contact Name
--  Dockets Table Header1 is : Airline Expected is : Airline
--  Dockets Table Header1 is : Agent Expected is : Agent
--  Dockets Table Header1 is : Sales Price ($) Expected is : Sales Price ($)
--  Dockets Table Header1 is : Cost Price ($) Expected is : Cost Price ($)
--  Dockets Table Header1 is : Commision Price($) Expected is : Commision Price($)
--  Dockets Table Header1 is : Payment Status Expected is : Payment Status
------  Next button is not enabled by default showing Last page results
------  Navigation Next is Verified
------  Previous button is not enabled by default showing 1st page results
------  Navigation Previous is Verified
Expected : Docket Actual : Docket
--  Dockets Table Header1 is : PNR # Expected is : PNR #
--  Dockets Table Header1 is : Contact Name Expected is : Contact Name
--  Dockets TablesearchPlaceHolder is : Contact Name Expected is : Contact Name
--  Dockets Table Header1 is : Airline Expected is : Airline
--  Dockets Table Header1 is : Agent Expected is : Agent
--  Dockets Table Header1 is : Sales Price ($) Expected is : Sales Price ($)
--  Dockets Table Header1 is : Cost Price ($) Expected is : Cost Price ($)
--  Dockets Table Header1 is : Commision Price($) Expected is : Commision Price($)
--  Dockets Table Header1 is : Payment Status Expected is : Payment Status
------  Next button is not enabled by default showing Last page results
------  Navigation Next is Verified]]>
  </system-out>
</testsuite> <!-- Demo.TAMSProject.TAMSDashboard -->
