<?xml version="1.0" encoding="UTF-8"?>
<!-- Generated by org.testng.reporters.JUnitReportReporter -->
<testsuite hostname="DESKTOP-BV8OKQ2" failures="0" tests="6" name="Demo.TAMSProject.TAMSLogin" time="26.331" errors="0" timestamp="2024-10-07T23:22:23 IST" skipped="0">
  <testcase classname="Demo.TAMSProject.TAMSLogin" name="weblaunch" time="10.630"/>
  <testcase classname="Demo.TAMSProject.TAMSLogin" name="zoomout75" time="1.893"/>
  <testcase classname="Demo.TAMSProject.TAMSLogin" name="login" time="6.109"/>
  <testcase classname="Demo.TAMSProject.TAMSLogin" name="TAMSNavbarVerification" time="2.825">
    <system-out>
      <![CDATA[-- The TAMS Navigation Bar 1st button is verified to be : Dashboard
-- The TAMS Navigation Bar 2nd button is verified to be : Diary
-- The TAMS Navigation Bar 3rd button is verified to be : Phone Log
-- The TAMS Navigation Bar 4th button is verified to be : Dockets
-- The TAMS Navigation Bar 5th button is verified to be : Contacts
-- The TAMS Navigation Bar 6th button is verified to be : Passengers
-- The TAMS Navigation Bar 7th button is verified to be : Vendors
-- The TAMS Navigation Bar 8th button is verified to be : Master
-- The TAMS Navigation Bar 9th button is verified to be : Administrator
-- The TAMS Navigation Bar 10th button is verified to be : Reports]]>
    </system-out>
  </testcase> <!-- TAMSNavbarVerification -->
  <testcase classname="Demo.TAMSProject.TAMSLogin" name="TAMSUserVerification" time="3.463"/>
  <testcase classname="Demo.TAMSProject.TAMSLogin" name="closure" time="1.411"/>
  <system-out>
    <![CDATA[-- The TAMS Navigation Bar 1st button is verified to be : Dashboard
-- The TAMS Navigation Bar 2nd button is verified to be : Diary
-- The TAMS Navigation Bar 3rd button is verified to be : Phone Log
-- The TAMS Navigation Bar 4th button is verified to be : Dockets
-- The TAMS Navigation Bar 5th button is verified to be : Contacts
-- The TAMS Navigation Bar 6th button is verified to be : Passengers
-- The TAMS Navigation Bar 7th button is verified to be : Vendors
-- The TAMS Navigation Bar 8th button is verified to be : Master
-- The TAMS Navigation Bar 9th button is verified to be : Administrator
-- The TAMS Navigation Bar 10th button is verified to be : Reports]]>
  </system-out>
</testsuite> <!-- Demo.TAMSProject.TAMSLogin -->
